<?xml version="1.0" encoding="UTF-8"?>
<testsuite name="testSuites.Prueba" tests="1" skipped="0" failures="0" errors="0" timestamp="2022-04-26T15:17:34" hostname="LAPTOP-SR88DSTE" time="2.515">
  <properties/>
  <testcase name="BuscarGatoEnGoogle" classname="testSuites.Prueba" time="2.515"/>
  <system-out><![CDATA[]]></system-out>
  <system-err><![CDATA[]]></system-err>
</testsuite>
