<?xml version="1.0" encoding="UTF-8"?>
<<<<<<< HEAD
<testsuite name="testSuites.Prueba" tests="1" skipped="0" failures="0" errors="0" timestamp="2022-05-03T20:14:40" hostname="LAPTOP-SR88DSTE" time="3.133">
  <properties/>
  <testcase name="pruebaLogin" classname="testSuites.Prueba" time="3.133"/>
=======
<testsuite name="testSuites.Prueba" tests="1" skipped="0" failures="0" errors="0" timestamp="2022-04-27T23:53:58" hostname="LAPTOP-SR88DSTE" time="2.509">
  <properties/>
  <testcase name="pruebaLogin" classname="testSuites.Prueba" time="2.509"/>
>>>>>>> 662de8108a7ade9a85f286395ca3f16035221d02
  <system-out><![CDATA[]]></system-out>
  <system-err><![CDATA[]]></system-err>
</testsuite>
